#! /c/Source/iverilog-install/bin/vvp
:ivl_version "12.0 (devel)" "(s20150603-1539-g2693dd32b)";
:ivl_delay_selection "TYPICAL";
:vpi_time_precision - 12;
:vpi_module "C:\Users\iverilog\lib\ivl\system.vpi";
:vpi_module "C:\Users\iverilog\lib\ivl\vhdl_sys.vpi";
:vpi_module "C:\Users\iverilog\lib\ivl\vhdl_textio.vpi";
:vpi_module "C:\Users\iverilog\lib\ivl\v2005_math.vpi";
:vpi_module "C:\Users\iverilog\lib\ivl\va_math.vpi";
S_000001d5b8198d30 .scope module, "tb_d_ff" "tb_d_ff" 2 3;
 .timescale -9 -12;
v000001d5b829e240_0 .var "clk", 0 0;
v000001d5b829e2e0_0 .var "d", 0 0;
v000001d5b829e380_0 .net "q_next", 0 0, v000001d5b829e1a0_0;  1 drivers
S_000001d5b829e010 .scope module, "uut" "d_ff" 2 8, 3 1 0, S_000001d5b8198d30;
 .timescale -9 -12;
    .port_info 0 /INPUT 1 "clk";
    .port_info 1 /INPUT 1 "d";
    .port_info 2 /OUTPUT 1 "q_next";
v000001d5b8198ec0_0 .net "clk", 0 0, v000001d5b829e240_0;  1 drivers
v000001d5b8162c30_0 .net "d", 0 0, v000001d5b829e2e0_0;  1 drivers
v000001d5b829e1a0_0 .var "q_next", 0 0;
E_000001d5b829cb60 .event posedge, v000001d5b8198ec0_0;
    .scope S_000001d5b829e010;
T_0 ;
    %wait E_000001d5b829cb60;
    %load/vec4 v000001d5b8162c30_0;
    %assign/vec4 v000001d5b829e1a0_0, 0;
    %jmp T_0;
    .thread T_0;
    .scope S_000001d5b8198d30;
T_1 ;
    %pushi/vec4 0, 0, 1;
    %store/vec4 v000001d5b829e240_0, 0, 1;
    %pushi/vec4 0, 0, 1;
    %store/vec4 v000001d5b829e2e0_0, 0, 1;
    %delay 2000, 0;
    %end;
    .thread T_1;
    .scope S_000001d5b8198d30;
T_2 ;
    %load/vec4 v000001d5b829e240_0;
    %inv;
    %store/vec4 v000001d5b829e240_0, 0, 1;
    %delay 2000, 0;
    %jmp T_2;
    .thread T_2;
    .scope S_000001d5b8198d30;
T_3 ;
    %vpi_call 2 26 "$dumpfile", "dffwaveform.vcd" {0 0 0};
    %vpi_call 2 27 "$dumpvars", 32'sb00000000000000000000000000000000, S_000001d5b8198d30 {0 0 0};
    %delay 5000, 0;
    %pushi/vec4 0, 0, 1;
    %store/vec4 v000001d5b829e2e0_0, 0, 1;
    %delay 5000, 0;
    %vpi_call 2 32 "$display", "d = %b | q_next = %b", v000001d5b829e2e0_0, v000001d5b829e380_0 {0 0 0};
    %pushi/vec4 1, 0, 1;
    %store/vec4 v000001d5b829e2e0_0, 0, 1;
    %delay 5000, 0;
    %vpi_call 2 35 "$display", "d = %b | q_next = %b", v000001d5b829e2e0_0, v000001d5b829e380_0 {0 0 0};
    %pushi/vec4 0, 0, 1;
    %store/vec4 v000001d5b829e2e0_0, 0, 1;
    %delay 5000, 0;
    %vpi_call 2 38 "$display", "d = %b | q_next = %b", v000001d5b829e2e0_0, v000001d5b829e380_0 {0 0 0};
    %pushi/vec4 1, 0, 1;
    %store/vec4 v000001d5b829e2e0_0, 0, 1;
    %delay 5000, 0;
    %vpi_call 2 41 "$display", "d = %b | q_next = %b", v000001d5b829e2e0_0, v000001d5b829e380_0 {0 0 0};
    %vpi_call 2 42 "$finish" {0 0 0};
    %end;
    .thread T_3;
# The file index is used to find the file name in the following table.
:file_names 4;
    "N/A";
    "<interactive>";
    "ffsandlatches/tb_d_ff.v";
    "ffsandlatches/d_ff.v";
