#! /c/Source/iverilog-install/bin/vvp
:ivl_version "12.0 (devel)" "(s20150603-1539-g2693dd32b)";
:ivl_delay_selection "TYPICAL";
:vpi_time_precision - 12;
:vpi_module "C:\Users\iverilog\lib\ivl\system.vpi";
:vpi_module "C:\Users\iverilog\lib\ivl\vhdl_sys.vpi";
:vpi_module "C:\Users\iverilog\lib\ivl\vhdl_textio.vpi";
:vpi_module "C:\Users\iverilog\lib\ivl\v2005_math.vpi";
:vpi_module "C:\Users\iverilog\lib\ivl\va_math.vpi";
S_0000025d0fcbb090 .scope module, "tb_d_latch" "tb_d_latch" 2 3;
 .timescale -9 -12;
v0000025d0fcd2a10_0 .var "d_in", 0 0;
v0000025d0fcd2ab0_0 .var "en_in", 0 0;
v0000025d0fcd2b50_0 .net "q_comp", 0 0, L_0000025d0fcbb220;  1 drivers
v0000025d0fcd2bf0_0 .net "q_out", 0 0, v0000025d0fcd2970_0;  1 drivers
S_0000025d0fcbbcc0 .scope module, "uut" "d_latch" 2 9, 3 3 0, S_0000025d0fcbb090;
 .timescale 0 0;
    .port_info 0 /INPUT 1 "d_in";
    .port_info 1 /INPUT 1 "en_in";
    .port_info 2 /OUTPUT 1 "q_out";
    .port_info 3 /OUTPUT 1 "q_comp";
L_0000025d0fcbb220 .functor NOT 1, v0000025d0fcd2970_0, C4<0>, C4<0>, C4<0>;
v0000025d0fcbbe50_0 .net "d_in", 0 0, v0000025d0fcd2a10_0;  1 drivers
v0000025d0fcd2830_0 .net "en_in", 0 0, v0000025d0fcd2ab0_0;  1 drivers
v0000025d0fcd28d0_0 .net "q_comp", 0 0, L_0000025d0fcbb220;  alias, 1 drivers
v0000025d0fcd2970_0 .var "q_out", 0 0;
E_0000025d0fcba8c0 .event anyedge, v0000025d0fcd2830_0, v0000025d0fcbbe50_0;
    .scope S_0000025d0fcbbcc0;
T_0 ;
    %wait E_0000025d0fcba8c0;
    %load/vec4 v0000025d0fcd2830_0;
    %pad/u 32;
    %cmpi/e 1, 0, 32;
    %jmp/0xz  T_0.0, 4;
    %load/vec4 v0000025d0fcbbe50_0;
    %assign/vec4 v0000025d0fcd2970_0, 0;
T_0.0 ;
    %jmp T_0;
    .thread T_0, $push;
    .scope S_0000025d0fcbb090;
T_1 ;
    %vpi_call 2 17 "$dumpfile", "srffwaveform.vcd" {0 0 0};
    %vpi_call 2 18 "$dumpvars", 32'sb00000000000000000000000000000000, S_0000025d0fcbb090 {0 0 0};
    %pushi/vec4 0, 0, 1;
    %store/vec4 v0000025d0fcd2ab0_0, 0, 1;
    %delay 10000, 0;
    %pushi/vec4 0, 0, 1;
    %store/vec4 v0000025d0fcd2a10_0, 0, 1;
    %delay 10000, 0;
    %vpi_call 2 23 "$display", "en = %b | d = %b | q = %b q' = %b", v0000025d0fcd2ab0_0, v0000025d0fcd2a10_0, v0000025d0fcd2bf0_0, v0000025d0fcd2b50_0 {0 0 0};
    %pushi/vec4 1, 0, 1;
    %store/vec4 v0000025d0fcd2a10_0, 0, 1;
    %delay 10000, 0;
    %vpi_call 2 26 "$display", "en = %b | d = %b | q = %b q' = %b", v0000025d0fcd2ab0_0, v0000025d0fcd2a10_0, v0000025d0fcd2bf0_0, v0000025d0fcd2b50_0 {0 0 0};
    %pushi/vec4 1, 0, 1;
    %store/vec4 v0000025d0fcd2ab0_0, 0, 1;
    %delay 10000, 0;
    %vpi_call 2 29 "$display", "en = %b | d = %b | q = %b q' = %b", v0000025d0fcd2ab0_0, v0000025d0fcd2a10_0, v0000025d0fcd2bf0_0, v0000025d0fcd2b50_0 {0 0 0};
    %pushi/vec4 0, 0, 1;
    %store/vec4 v0000025d0fcd2a10_0, 0, 1;
    %delay 10000, 0;
    %vpi_call 2 32 "$display", "en = %b | d = %b | q = %b q' = %b", v0000025d0fcd2ab0_0, v0000025d0fcd2a10_0, v0000025d0fcd2bf0_0, v0000025d0fcd2b50_0 {0 0 0};
    %pushi/vec4 1, 0, 1;
    %store/vec4 v0000025d0fcd2a10_0, 0, 1;
    %delay 10000, 0;
    %vpi_call 2 35 "$display", "en = %b | d = %b | q = %b q' = %b", v0000025d0fcd2ab0_0, v0000025d0fcd2a10_0, v0000025d0fcd2bf0_0, v0000025d0fcd2b50_0 {0 0 0};
    %vpi_call 2 36 "$finish" {0 0 0};
    %end;
    .thread T_1;
# The file index is used to find the file name in the following table.
:file_names 4;
    "N/A";
    "<interactive>";
    "ffsandlatches/tb_d_latch.v";
    "ffsandlatches/d_latch.v";
