#! /c/Source/iverilog-install/bin/vvp
:ivl_version "12.0 (devel)" "(s20150603-1539-g2693dd32b)";
:ivl_delay_selection "TYPICAL";
:vpi_time_precision - 12;
:vpi_module "C:\Users\iverilog\lib\ivl\system.vpi";
:vpi_module "C:\Users\iverilog\lib\ivl\vhdl_sys.vpi";
:vpi_module "C:\Users\iverilog\lib\ivl\vhdl_textio.vpi";
:vpi_module "C:\Users\iverilog\lib\ivl\v2005_math.vpi";
:vpi_module "C:\Users\iverilog\lib\ivl\va_math.vpi";
S_000002cc55fbddd0 .scope module, "tb_jk_ff" "tb_jk_ff" 2 3;
 .timescale -9 -12;
v000002cc55efaf30_0 .var "clk", 0 0;
v000002cc55efafd0_0 .var "j", 0 0;
v000002cc55efb070_0 .var "k", 0 0;
v000002cc55efb110_0 .net "q", 0 0, v000002cc55fb4730_0;  1 drivers
S_000002cc55efbd40 .scope module, "uut" "jk_ff" 2 9, 3 1 0, S_000002cc55fbddd0;
 .timescale 0 0;
    .port_info 0 /INPUT 1 "clk";
    .port_info 1 /INPUT 1 "j";
    .port_info 2 /INPUT 1 "k";
    .port_info 3 /OUTPUT 1 "q";
v000002cc55f82e70_0 .net "clk", 0 0, v000002cc55efaf30_0;  1 drivers
v000002cc55fbdb40_0 .net "j", 0 0, v000002cc55efafd0_0;  1 drivers
v000002cc55fb4690_0 .net "k", 0 0, v000002cc55efb070_0;  1 drivers
v000002cc55fb4730_0 .var "q", 0 0;
E_000002cc55ef9b60 .event posedge, v000002cc55f82e70_0;
    .scope S_000002cc55efbd40;
T_0 ;
    %pushi/vec4 0, 0, 1;
    %store/vec4 v000002cc55fb4730_0, 0, 1;
    %end;
    .thread T_0;
    .scope S_000002cc55efbd40;
T_1 ;
    %wait E_000002cc55ef9b60;
    %load/vec4 v000002cc55fbdb40_0;
    %cmpi/e 0, 0, 1;
    %flag_get/vec4 4;
    %jmp/0 T_1.2, 4;
    %load/vec4 v000002cc55fb4690_0;
    %pushi/vec4 0, 0, 1;
    %cmp/e;
    %flag_get/vec4 4;
    %and;
T_1.2;
    %flag_set/vec4 8;
    %jmp/0xz  T_1.0, 8;
    %load/vec4 v000002cc55fb4730_0;
    %assign/vec4 v000002cc55fb4730_0, 0;
    %jmp T_1.1;
T_1.0 ;
    %load/vec4 v000002cc55fbdb40_0;
    %cmpi/e 0, 0, 1;
    %flag_get/vec4 4;
    %jmp/0 T_1.5, 4;
    %load/vec4 v000002cc55fb4690_0;
    %pushi/vec4 1, 0, 1;
    %cmp/e;
    %flag_get/vec4 4;
    %and;
T_1.5;
    %flag_set/vec4 8;
    %jmp/0xz  T_1.3, 8;
    %pushi/vec4 0, 0, 1;
    %assign/vec4 v000002cc55fb4730_0, 0;
    %jmp T_1.4;
T_1.3 ;
    %load/vec4 v000002cc55fbdb40_0;
    %cmpi/e 1, 0, 1;
    %flag_get/vec4 4;
    %jmp/0 T_1.8, 4;
    %load/vec4 v000002cc55fb4690_0;
    %pushi/vec4 0, 0, 1;
    %cmp/e;
    %flag_get/vec4 4;
    %and;
T_1.8;
    %flag_set/vec4 8;
    %jmp/0xz  T_1.6, 8;
    %pushi/vec4 1, 0, 1;
    %assign/vec4 v000002cc55fb4730_0, 0;
    %jmp T_1.7;
T_1.6 ;
    %load/vec4 v000002cc55fb4730_0;
    %inv;
    %assign/vec4 v000002cc55fb4730_0, 0;
T_1.7 ;
T_1.4 ;
T_1.1 ;
    %jmp T_1;
    .thread T_1;
    .scope S_000002cc55fbddd0;
T_2 ;
    %pushi/vec4 0, 0, 1;
    %store/vec4 v000002cc55efafd0_0, 0, 1;
    %pushi/vec4 0, 0, 1;
    %store/vec4 v000002cc55efb070_0, 0, 1;
    %pushi/vec4 0, 0, 1;
    %store/vec4 v000002cc55efaf30_0, 0, 1;
    %delay 2000, 0;
    %end;
    .thread T_2;
    .scope S_000002cc55fbddd0;
T_3 ;
    %load/vec4 v000002cc55efaf30_0;
    %inv;
    %store/vec4 v000002cc55efaf30_0, 0, 1;
    %delay 2000, 0;
    %jmp T_3;
    .thread T_3;
    .scope S_000002cc55fbddd0;
T_4 ;
    %vpi_call 2 29 "$dumpfile", "jkwaveform.vcd" {0 0 0};
    %vpi_call 2 30 "$dumpvars", 32'sb00000000000000000000000000000000, S_000002cc55fbddd0 {0 0 0};
    %pushi/vec4 0, 0, 1;
    %store/vec4 v000002cc55efafd0_0, 0, 1;
    %pushi/vec4 0, 0, 1;
    %store/vec4 v000002cc55efb070_0, 0, 1;
    %delay 5000, 0;
    %vpi_call 2 35 "$display", "J = %b K = %b | Q = %b", v000002cc55efafd0_0, v000002cc55efb070_0, v000002cc55efb110_0 {0 0 0};
    %pushi/vec4 1, 0, 1;
    %store/vec4 v000002cc55efb070_0, 0, 1;
    %delay 5000, 0;
    %vpi_call 2 39 "$display", "J = %b K = %b | Q = %b", v000002cc55efafd0_0, v000002cc55efb070_0, v000002cc55efb110_0 {0 0 0};
    %pushi/vec4 0, 0, 1;
    %store/vec4 v000002cc55efb070_0, 0, 1;
    %delay 5000, 0;
    %vpi_call 2 43 "$display", "J = %b K = %b | Q = %b", v000002cc55efafd0_0, v000002cc55efb070_0, v000002cc55efb110_0 {0 0 0};
    %pushi/vec4 1, 0, 1;
    %store/vec4 v000002cc55efafd0_0, 0, 1;
    %delay 5000, 0;
    %vpi_call 2 47 "$display", "J = %b K = %b | Q = %b", v000002cc55efafd0_0, v000002cc55efb070_0, v000002cc55efb110_0 {0 0 0};
    %pushi/vec4 0, 0, 1;
    %store/vec4 v000002cc55efafd0_0, 0, 1;
    %delay 5000, 0;
    %vpi_call 2 51 "$display", "J = %b K = %b | Q = %b", v000002cc55efafd0_0, v000002cc55efb070_0, v000002cc55efb110_0 {0 0 0};
    %pushi/vec4 1, 0, 1;
    %store/vec4 v000002cc55efafd0_0, 0, 1;
    %pushi/vec4 1, 0, 1;
    %store/vec4 v000002cc55efb070_0, 0, 1;
    %delay 5000, 0;
    %vpi_call 2 56 "$display", "J = %b K = %b | Q = %b", v000002cc55efafd0_0, v000002cc55efb070_0, v000002cc55efb110_0 {0 0 0};
    %pushi/vec4 0, 0, 1;
    %store/vec4 v000002cc55efafd0_0, 0, 1;
    %pushi/vec4 0, 0, 1;
    %store/vec4 v000002cc55efb070_0, 0, 1;
    %delay 5000, 0;
    %vpi_call 2 61 "$display", "J = %b K = %b | Q = %b", v000002cc55efafd0_0, v000002cc55efb070_0, v000002cc55efb110_0 {0 0 0};
    %vpi_call 2 62 "$finish" {0 0 0};
    %end;
    .thread T_4;
# The file index is used to find the file name in the following table.
:file_names 4;
    "N/A";
    "<interactive>";
    "ffsandlatches/tb_jk_ff.v";
    "ffsandlatches/jk_ff.v";
