#! /c/Source/iverilog-install/bin/vvp
:ivl_version "12.0 (devel)" "(s20150603-1539-g2693dd32b)";
:ivl_delay_selection "TYPICAL";
:vpi_time_precision - 12;
:vpi_module "C:\Users\iverilog\lib\ivl\system.vpi";
:vpi_module "C:\Users\iverilog\lib\ivl\vhdl_sys.vpi";
:vpi_module "C:\Users\iverilog\lib\ivl\vhdl_textio.vpi";
:vpi_module "C:\Users\iverilog\lib\ivl\v2005_math.vpi";
:vpi_module "C:\Users\iverilog\lib\ivl\va_math.vpi";
S_000001c3e15ebc40 .scope module, "tb_SISO" "tb_SISO" 2 3;
 .timescale -9 -12;
v000001c3e14e7f70_0 .var "clear", 0 0;
v000001c3e14e8c90_0 .var "clk", 0 0;
v000001c3e14e8290_0 .var "load", 0 0;
v000001c3e14e81f0_0 .var "s_in", 0 0;
v000001c3e14e8330_0 .net "s_out", 0 0, v000001c3e14e8790_0;  1 drivers
E_000001c3e15e8bc0 .event posedge, v000001c3e14e8d30_0;
S_000001c3e14f6970 .scope module, "register" "SISO" 2 10, 3 1 0, S_000001c3e15ebc40;
 .timescale 0 0;
    .port_info 0 /INPUT 1 "clk";
    .port_info 1 /INPUT 1 "load";
    .port_info 2 /INPUT 1 "clear";
    .port_info 3 /INPUT 1 "s_in";
    .port_info 4 /OUTPUT 1 "s_out";
v000001c3e14e8970_0 .net "clear", 0 0, v000001c3e14e7f70_0;  1 drivers
v000001c3e14e8d30_0 .net "clk", 0 0, v000001c3e14e8c90_0;  1 drivers
v000001c3e14e8150_0 .var "data_shift", 7 0;
v000001c3e14e8010_0 .net "load", 0 0, v000001c3e14e8290_0;  1 drivers
v000001c3e14e7ed0_0 .net "s_in", 0 0, v000001c3e14e81f0_0;  1 drivers
v000001c3e14e8790_0 .var "s_out", 0 0;
E_000001c3e15e8cc0/0 .event negedge, v000001c3e14e8970_0;
E_000001c3e15e8cc0/1 .event posedge, v000001c3e14e8d30_0;
E_000001c3e15e8cc0 .event/or E_000001c3e15e8cc0/0, E_000001c3e15e8cc0/1;
    .scope S_000001c3e14f6970;
T_0 ;
    %wait E_000001c3e15e8cc0;
    %load/vec4 v000001c3e14e8970_0;
    %inv;
    %flag_set/vec4 8;
    %jmp/0xz  T_0.0, 8;
    %pushi/vec4 0, 0, 8;
    %assign/vec4 v000001c3e14e8150_0, 0;
    %pushi/vec4 0, 0, 1;
    %assign/vec4 v000001c3e14e8790_0, 0;
    %jmp T_0.1;
T_0.0 ;
    %load/vec4 v000001c3e14e8010_0;
    %flag_set/vec4 8;
    %jmp/0xz  T_0.2, 8;
    %load/vec4 v000001c3e14e7ed0_0;
    %load/vec4 v000001c3e14e8150_0;
    %parti/s 7, 1, 2;
    %concat/vec4; draw_concat_vec4
    %assign/vec4 v000001c3e14e8150_0, 0;
    %load/vec4 v000001c3e14e8150_0;
    %parti/s 1, 0, 2;
    %assign/vec4 v000001c3e14e8790_0, 0;
T_0.2 ;
T_0.1 ;
    %jmp T_0;
    .thread T_0;
    .scope S_000001c3e15ebc40;
T_1 ;
    %delay 5000, 0;
    %load/vec4 v000001c3e14e8c90_0;
    %inv;
    %store/vec4 v000001c3e14e8c90_0, 0, 1;
    %jmp T_1;
    .thread T_1;
    .scope S_000001c3e15ebc40;
T_2 ;
    %vpi_call 2 21 "$dumpfile", "SISOwaveform.vcd" {0 0 0};
    %vpi_call 2 22 "$dumpvars", 32'sb00000000000000000000000000000000, S_000001c3e15ebc40 {0 0 0};
    %delay 1000, 0;
    %pushi/vec4 0, 0, 1;
    %store/vec4 v000001c3e14e8c90_0, 0, 1;
    %pushi/vec4 1, 0, 1;
    %store/vec4 v000001c3e14e7f70_0, 0, 1;
    %pushi/vec4 0, 0, 1;
    %store/vec4 v000001c3e14e8290_0, 0, 1;
    %pushi/vec4 0, 0, 1;
    %store/vec4 v000001c3e14e81f0_0, 0, 1;
    %delay 10000, 0;
    %pushi/vec4 0, 0, 1;
    %store/vec4 v000001c3e14e7f70_0, 0, 1;
    %wait E_000001c3e15e8bc0;
    %pushi/vec4 1, 0, 1;
    %store/vec4 v000001c3e14e7f70_0, 0, 1;
    %pushi/vec4 1, 0, 1;
    %store/vec4 v000001c3e14e8290_0, 0, 1;
    %pushi/vec4 1, 0, 1;
    %store/vec4 v000001c3e14e81f0_0, 0, 1;
    %wait E_000001c3e15e8bc0;
    %pushi/vec4 1, 0, 1;
    %store/vec4 v000001c3e14e81f0_0, 0, 1;
    %wait E_000001c3e15e8bc0;
    %pushi/vec4 1, 0, 1;
    %store/vec4 v000001c3e14e81f0_0, 0, 1;
    %wait E_000001c3e15e8bc0;
    %pushi/vec4 0, 0, 1;
    %store/vec4 v000001c3e14e81f0_0, 0, 1;
    %wait E_000001c3e15e8bc0;
    %pushi/vec4 1, 0, 1;
    %store/vec4 v000001c3e14e81f0_0, 0, 1;
    %wait E_000001c3e15e8bc0;
    %pushi/vec4 0, 0, 1;
    %store/vec4 v000001c3e14e81f0_0, 0, 1;
    %wait E_000001c3e15e8bc0;
    %pushi/vec4 0, 0, 1;
    %store/vec4 v000001c3e14e81f0_0, 0, 1;
    %wait E_000001c3e15e8bc0;
    %pushi/vec4 1, 0, 1;
    %store/vec4 v000001c3e14e81f0_0, 0, 1;
    %wait E_000001c3e15e8bc0;
    %pushi/vec4 0, 0, 1;
    %store/vec4 v000001c3e14e81f0_0, 0, 1;
    %wait E_000001c3e15e8bc0;
    %pushi/vec4 0, 0, 1;
    %store/vec4 v000001c3e14e81f0_0, 0, 1;
    %wait E_000001c3e15e8bc0;
    %pushi/vec4 0, 0, 1;
    %store/vec4 v000001c3e14e81f0_0, 0, 1;
    %wait E_000001c3e15e8bc0;
    %pushi/vec4 0, 0, 1;
    %store/vec4 v000001c3e14e81f0_0, 0, 1;
    %wait E_000001c3e15e8bc0;
    %pushi/vec4 0, 0, 1;
    %store/vec4 v000001c3e14e81f0_0, 0, 1;
    %wait E_000001c3e15e8bc0;
    %pushi/vec4 0, 0, 1;
    %store/vec4 v000001c3e14e81f0_0, 0, 1;
    %wait E_000001c3e15e8bc0;
    %pushi/vec4 0, 0, 1;
    %store/vec4 v000001c3e14e81f0_0, 0, 1;
    %wait E_000001c3e15e8bc0;
    %pushi/vec4 0, 0, 1;
    %store/vec4 v000001c3e14e81f0_0, 0, 1;
    %wait E_000001c3e15e8bc0;
    %pushi/vec4 0, 0, 1;
    %store/vec4 v000001c3e14e8290_0, 0, 1;
    %wait E_000001c3e15e8bc0;
    %vpi_call 2 58 "$finish" {0 0 0};
    %end;
    .thread T_2;
    .scope S_000001c3e15ebc40;
T_3 ;
    %vpi_call 2 62 "$monitor", "Time=%0t, clear=%b, load=%b, s_in=%b, s_out=%b", $time, v000001c3e14e7f70_0, v000001c3e14e8290_0, v000001c3e14e81f0_0, v000001c3e14e8330_0 {0 0 0};
    %end;
    .thread T_3;
# The file index is used to find the file name in the following table.
:file_names 4;
    "N/A";
    "<interactive>";
    "Registers/tb_SISO.v";
    "Registers/SISO.v";
