#! /c/Source/iverilog-install/bin/vvp
:ivl_version "12.0 (devel)" "(s20150603-1539-g2693dd32b)";
:ivl_delay_selection "TYPICAL";
:vpi_time_precision - 12;
:vpi_module "C:\Users\iverilog\lib\ivl\system.vpi";
:vpi_module "C:\Users\iverilog\lib\ivl\vhdl_sys.vpi";
:vpi_module "C:\Users\iverilog\lib\ivl\vhdl_textio.vpi";
:vpi_module "C:\Users\iverilog\lib\ivl\v2005_math.vpi";
:vpi_module "C:\Users\iverilog\lib\ivl\va_math.vpi";
S_000002a9b0e3bcb0 .scope module, "tb_sr_latch" "tb_sr_latch" 2 3;
 .timescale -9 -12;
v000002a9b0d249a0_0 .var "in_r", 0 0;
v000002a9b0d24a40_0 .var "in_s", 0 0;
v000002a9b0e3b8e0_0 .net "q", 0 0, v000002a9b0e3be40_0;  1 drivers
S_000002a9b0d24810 .scope module, "uut" "sr_latch" 2 8, 3 1 0, S_000002a9b0e3bcb0;
 .timescale 0 0;
    .port_info 0 /INPUT 1 "in_s";
    .port_info 1 /INPUT 1 "in_r";
    .port_info 2 /OUTPUT 1 "q";
v000002a9b0d02e90_0 .net "in_r", 0 0, v000002a9b0d249a0_0;  1 drivers
v000002a9b0d03340_0 .net "in_s", 0 0, v000002a9b0d24a40_0;  1 drivers
v000002a9b0e3be40_0 .var "q", 0 0;
E_000002a9b0d253c0 .event anyedge, v000002a9b0d03340_0, v000002a9b0d02e90_0;
    .scope S_000002a9b0d24810;
T_0 ;
    %wait E_000002a9b0d253c0;
    %pushi/vec4 0, 0, 1;
    %assign/vec4 v000002a9b0e3be40_0, 0;
    %load/vec4 v000002a9b0d02e90_0;
    %pad/u 32;
    %cmpi/e 1, 0, 32;
    %jmp/0xz  T_0.0, 4;
    %pushi/vec4 0, 0, 1;
    %assign/vec4 v000002a9b0e3be40_0, 0;
    %jmp T_0.1;
T_0.0 ;
    %load/vec4 v000002a9b0d03340_0;
    %pad/u 32;
    %cmpi/e 1, 0, 32;
    %jmp/0xz  T_0.2, 4;
    %pushi/vec4 1, 0, 1;
    %assign/vec4 v000002a9b0e3be40_0, 0;
T_0.2 ;
T_0.1 ;
    %jmp T_0;
    .thread T_0, $push;
    .scope S_000002a9b0e3bcb0;
T_1 ;
    %vpi_call 2 15 "$dumpfile", "srlatchwaveform.vcd" {0 0 0};
    %vpi_call 2 16 "$dumpvars", 32'sb00000000000000000000000000000000, S_000002a9b0e3bcb0 {0 0 0};
    %pushi/vec4 0, 0, 1;
    %store/vec4 v000002a9b0d249a0_0, 0, 1;
    %pushi/vec4 0, 0, 1;
    %store/vec4 v000002a9b0d24a40_0, 0, 1;
    %delay 10000, 0;
    %vpi_call 2 21 "$display", "S = %d R = %d || Q = %d", v000002a9b0d24a40_0, v000002a9b0d249a0_0, v000002a9b0e3b8e0_0 {0 0 0};
    %pushi/vec4 1, 0, 1;
    %store/vec4 v000002a9b0d249a0_0, 0, 1;
    %delay 10000, 0;
    %vpi_call 2 25 "$display", "S = %d R = %d || Q = %d", v000002a9b0d24a40_0, v000002a9b0d249a0_0, v000002a9b0e3b8e0_0 {0 0 0};
    %pushi/vec4 1, 0, 1;
    %store/vec4 v000002a9b0d24a40_0, 0, 1;
    %pushi/vec4 0, 0, 1;
    %store/vec4 v000002a9b0d249a0_0, 0, 1;
    %delay 10000, 0;
    %vpi_call 2 30 "$display", "S = %d R = %d || Q = %d", v000002a9b0d24a40_0, v000002a9b0d249a0_0, v000002a9b0e3b8e0_0 {0 0 0};
    %pushi/vec4 1, 0, 1;
    %store/vec4 v000002a9b0d249a0_0, 0, 1;
    %delay 10000, 0;
    %vpi_call 2 34 "$display", "S = %d R = %d || Q = %d", v000002a9b0d24a40_0, v000002a9b0d249a0_0, v000002a9b0e3b8e0_0 {0 0 0};
    %end;
    .thread T_1;
# The file index is used to find the file name in the following table.
:file_names 4;
    "N/A";
    "<interactive>";
    "ffsandlatches/tb_sr_latch.v";
    "ffsandlatches/sr_latch.v";
