#! /c/Source/iverilog-install/bin/vvp
:ivl_version "12.0 (devel)" "(s20150603-1539-g2693dd32b)";
:ivl_delay_selection "TYPICAL";
:vpi_time_precision - 12;
:vpi_module "C:\Users\iverilog\lib\ivl\system.vpi";
:vpi_module "C:\Users\iverilog\lib\ivl\vhdl_sys.vpi";
:vpi_module "C:\Users\iverilog\lib\ivl\vhdl_textio.vpi";
:vpi_module "C:\Users\iverilog\lib\ivl\v2005_math.vpi";
:vpi_module "C:\Users\iverilog\lib\ivl\va_math.vpi";
S_00000266dbb387a0 .scope module, "tb_sr_ff" "tb_sr_ff" 2 3;
 .timescale -9 -12;
v00000266dbb52a10_0 .var "clk", 0 0;
v00000266dbb52ab0_0 .net "q_comp", 0 0, L_00000266dbb8b390;  1 drivers
v00000266dbb52b50_0 .net "q_out", 0 0, v00000266dbb52830_0;  1 drivers
v00000266dbb52bf0_0 .var "r_in", 0 0;
v00000266dbb3abe0_0 .var "s_in", 0 0;
S_00000266dbb3bc30 .scope module, "uut" "sr_ff" 2 10, 3 1 0, S_00000266dbb387a0;
 .timescale 0 0;
    .port_info 0 /INPUT 1 "clk";
    .port_info 1 /INPUT 1 "s_in";
    .port_info 2 /INPUT 1 "r_in";
    .port_info 3 /OUTPUT 1 "q_out";
    .port_info 4 /OUTPUT 1 "q_comp";
L_00000266dbb8b390 .functor NOT 1, v00000266dbb52830_0, C4<0>, C4<0>, C4<0>;
v00000266dbb3bdc0_0 .net "clk", 0 0, v00000266dbb52a10_0;  1 drivers
v00000266dbb3be60_0 .net "q_comp", 0 0, L_00000266dbb8b390;  alias, 1 drivers
v00000266dbb52830_0 .var "q_out", 0 0;
v00000266dbb528d0_0 .net "r_in", 0 0, v00000266dbb52bf0_0;  1 drivers
v00000266dbb52970_0 .net "s_in", 0 0, v00000266dbb3abe0_0;  1 drivers
E_00000266dbb3a3a0 .event posedge, v00000266dbb3bdc0_0;
    .scope S_00000266dbb3bc30;
T_0 ;
    %wait E_00000266dbb3a3a0;
    %load/vec4 v00000266dbb528d0_0;
    %cmpi/e 1, 0, 1;
    %jmp/0xz  T_0.0, 4;
    %pushi/vec4 0, 0, 1;
    %assign/vec4 v00000266dbb52830_0, 0;
    %jmp T_0.1;
T_0.0 ;
    %load/vec4 v00000266dbb52970_0;
    %cmpi/e 1, 0, 1;
    %jmp/0xz  T_0.2, 4;
    %pushi/vec4 1, 0, 1;
    %assign/vec4 v00000266dbb52830_0, 0;
T_0.2 ;
T_0.1 ;
    %jmp T_0;
    .thread T_0;
    .scope S_00000266dbb387a0;
T_1 ;
    %pushi/vec4 0, 0, 1;
    %store/vec4 v00000266dbb52a10_0, 0, 1;
    %end;
    .thread T_1;
    .scope S_00000266dbb387a0;
T_2 ;
    %delay 2000, 0;
    %load/vec4 v00000266dbb52a10_0;
    %inv;
    %store/vec4 v00000266dbb52a10_0, 0, 1;
    %jmp T_2;
    .thread T_2;
    .scope S_00000266dbb387a0;
T_3 ;
    %vpi_call 2 27 "$dumpfile", "srffwaveform.vcd" {0 0 0};
    %vpi_call 2 28 "$dumpvars", 32'sb00000000000000000000000000000000, S_00000266dbb387a0 {0 0 0};
    %pushi/vec4 1, 0, 1;
    %store/vec4 v00000266dbb52bf0_0, 0, 1;
    %delay 10000, 0;
    %pushi/vec4 0, 0, 1;
    %store/vec4 v00000266dbb52bf0_0, 0, 1;
    %pushi/vec4 0, 0, 1;
    %store/vec4 v00000266dbb3abe0_0, 0, 1;
    %delay 10000, 0;
    %vpi_call 2 33 "$display", "Clk = %b | S = %b | R = %b | Q = %b Q' = %b", v00000266dbb52a10_0, v00000266dbb3abe0_0, v00000266dbb52bf0_0, v00000266dbb52b50_0, v00000266dbb52ab0_0 {0 0 0};
    %pushi/vec4 1, 0, 1;
    %store/vec4 v00000266dbb52bf0_0, 0, 1;
    %delay 10000, 0;
    %vpi_call 2 36 "$display", "Clk = %b | S = %b | R = %b | Q = %b Q' = %b", v00000266dbb52a10_0, v00000266dbb3abe0_0, v00000266dbb52bf0_0, v00000266dbb52b50_0, v00000266dbb52ab0_0 {0 0 0};
    %pushi/vec4 0, 0, 1;
    %store/vec4 v00000266dbb52bf0_0, 0, 1;
    %pushi/vec4 1, 0, 1;
    %store/vec4 v00000266dbb3abe0_0, 0, 1;
    %delay 10000, 0;
    %vpi_call 2 39 "$display", "Clk = %b | S = %b | R = %b | Q = %b Q' = %b", v00000266dbb52a10_0, v00000266dbb3abe0_0, v00000266dbb52bf0_0, v00000266dbb52b50_0, v00000266dbb52ab0_0 {0 0 0};
    %pushi/vec4 1, 0, 1;
    %store/vec4 v00000266dbb52bf0_0, 0, 1;
    %delay 10000, 0;
    %vpi_call 2 42 "$display", "Clk = %b | S = %b | R = %b | Q = %b Q' = %b", v00000266dbb52a10_0, v00000266dbb3abe0_0, v00000266dbb52bf0_0, v00000266dbb52b50_0, v00000266dbb52ab0_0 {0 0 0};
    %pushi/vec4 0, 0, 1;
    %store/vec4 v00000266dbb52bf0_0, 0, 1;
    %pushi/vec4 0, 0, 1;
    %store/vec4 v00000266dbb3abe0_0, 0, 1;
    %delay 10000, 0;
    %vpi_call 2 45 "$display", "Clk = %b | S = %b | R = %b | Q = %b Q' = %b", v00000266dbb52a10_0, v00000266dbb3abe0_0, v00000266dbb52bf0_0, v00000266dbb52b50_0, v00000266dbb52ab0_0 {0 0 0};
    %pushi/vec4 1, 0, 1;
    %store/vec4 v00000266dbb52bf0_0, 0, 1;
    %delay 10000, 0;
    %vpi_call 2 48 "$display", "Clk = %b | S = %b | R = %b | Q = %b Q' = %b", v00000266dbb52a10_0, v00000266dbb3abe0_0, v00000266dbb52bf0_0, v00000266dbb52b50_0, v00000266dbb52ab0_0 {0 0 0};
    %pushi/vec4 0, 0, 1;
    %store/vec4 v00000266dbb52bf0_0, 0, 1;
    %pushi/vec4 1, 0, 1;
    %store/vec4 v00000266dbb3abe0_0, 0, 1;
    %delay 10000, 0;
    %vpi_call 2 51 "$display", "Clk = %b | S = %b | R = %b | Q = %b Q' = %b", v00000266dbb52a10_0, v00000266dbb3abe0_0, v00000266dbb52bf0_0, v00000266dbb52b50_0, v00000266dbb52ab0_0 {0 0 0};
    %pushi/vec4 1, 0, 1;
    %store/vec4 v00000266dbb52bf0_0, 0, 1;
    %delay 10000, 0;
    %vpi_call 2 54 "$display", "Clk = %b | S = %b | R = %b | Q = %b Q' = %b", v00000266dbb52a10_0, v00000266dbb3abe0_0, v00000266dbb52bf0_0, v00000266dbb52b50_0, v00000266dbb52ab0_0 {0 0 0};
    %vpi_call 2 56 "$finish" {0 0 0};
    %end;
    .thread T_3;
# The file index is used to find the file name in the following table.
:file_names 4;
    "N/A";
    "<interactive>";
    "ffsandlatches/tb_sr_ff.v";
    "ffsandlatches/sr_ff.v";
