#! /c/Source/iverilog-install/bin/vvp
:ivl_version "12.0 (devel)" "(s20150603-1539-g2693dd32b)";
:ivl_delay_selection "TYPICAL";
:vpi_time_precision - 12;
:vpi_module "C:\Users\iverilog\lib\ivl\system.vpi";
:vpi_module "C:\Users\iverilog\lib\ivl\vhdl_sys.vpi";
:vpi_module "C:\Users\iverilog\lib\ivl\vhdl_textio.vpi";
:vpi_module "C:\Users\iverilog\lib\ivl\v2005_math.vpi";
:vpi_module "C:\Users\iverilog\lib\ivl\va_math.vpi";
S_000001df5d7a4810 .scope module, "tb_t_ff" "tb_t_ff" 2 3;
 .timescale -9 -12;
v000001df5d7a49a0_0 .var "clk", 0 0;
v000001df5d6fe110_0 .net "q", 0 0, v000001df5d782c30_0;  1 drivers
v000001df5d6fe1b0_0 .var "t", 0 0;
S_000001df5d6fdf80 .scope module, "uut" "t_ff" 2 8, 3 1 0, S_000001df5d7a4810;
 .timescale -9 -12;
    .port_info 0 /INPUT 1 "clk";
    .port_info 1 /INPUT 1 "t";
    .port_info 2 /OUTPUT 1 "q";
v000001df5d6fbba0_0 .net "clk", 0 0, v000001df5d7a49a0_0;  1 drivers
v000001df5d782c30_0 .var "q", 0 0;
v000001df5d6fbe70_0 .net "t", 0 0, v000001df5d6fe1b0_0;  1 drivers
E_000001df5d6fc320 .event posedge, v000001df5d6fbba0_0;
    .scope S_000001df5d6fdf80;
T_0 ;
    %pushi/vec4 0, 0, 1;
    %store/vec4 v000001df5d782c30_0, 0, 1;
    %end;
    .thread T_0;
    .scope S_000001df5d6fdf80;
T_1 ;
    %wait E_000001df5d6fc320;
    %load/vec4 v000001df5d782c30_0;
    %load/vec4 v000001df5d6fbe70_0;
    %xor;
    %assign/vec4 v000001df5d782c30_0, 0;
    %jmp T_1;
    .thread T_1;
    .scope S_000001df5d7a4810;
T_2 ;
    %pushi/vec4 0, 0, 1;
    %store/vec4 v000001df5d7a49a0_0, 0, 1;
    %delay 2000, 0;
    %end;
    .thread T_2;
    .scope S_000001df5d7a4810;
T_3 ;
    %load/vec4 v000001df5d7a49a0_0;
    %inv;
    %store/vec4 v000001df5d7a49a0_0, 0, 1;
    %delay 2000, 0;
    %jmp T_3;
    .thread T_3;
    .scope S_000001df5d7a4810;
T_4 ;
    %vpi_call 2 25 "$dumpfile", "tffwaveform.vcd" {0 0 0};
    %vpi_call 2 26 "$dumpvars", 32'sb00000000000000000000000000000000, S_000001df5d7a4810 {0 0 0};
    %pushi/vec4 0, 0, 1;
    %store/vec4 v000001df5d6fe1b0_0, 0, 1;
    %delay 5000, 0;
    %vpi_call 2 29 "$display", "T = %b | Q Next = %b", v000001df5d6fe1b0_0, v000001df5d6fe110_0 {0 0 0};
    %pushi/vec4 1, 0, 1;
    %store/vec4 v000001df5d6fe1b0_0, 0, 1;
    %delay 5000, 0;
    %vpi_call 2 31 "$display", "T = %b | Q Next = %b", v000001df5d6fe1b0_0, v000001df5d6fe110_0 {0 0 0};
    %pushi/vec4 0, 0, 1;
    %store/vec4 v000001df5d6fe1b0_0, 0, 1;
    %delay 5000, 0;
    %vpi_call 2 33 "$display", "T = %b | Q Next = %b", v000001df5d6fe1b0_0, v000001df5d6fe110_0 {0 0 0};
    %pushi/vec4 1, 0, 1;
    %store/vec4 v000001df5d6fe1b0_0, 0, 1;
    %delay 5000, 0;
    %vpi_call 2 35 "$display", "T = %b | Q Next = %b", v000001df5d6fe1b0_0, v000001df5d6fe110_0 {0 0 0};
    %vpi_call 2 36 "$finish" {0 0 0};
    %end;
    .thread T_4;
# The file index is used to find the file name in the following table.
:file_names 4;
    "N/A";
    "<interactive>";
    "ffsandlatches/tb_t_ff.v";
    "ffsandlatches/t_ff.v";
